<?xml version="1.0" encoding="UTF-8"?>
<!-- Generated by org.testng.reporters.JUnitReportReporter -->
<testsuite hostname="DESKTOP-STK28R4" failures="0" tests="1" name="TestCases.AmazonTestCases" time="23.728" errors="0" timestamp="2024-11-12T22:40:55 IST" skipped="0">
  <testcase classname="TestCases.AmazonTestCases" name="tc02" time="23.728"/>
</testsuite> <!-- TestCases.AmazonTestCases -->
